This is pdfTeX, Version 3.14159265-2.6-1.40.18 (MiKTeX 2.9.6350 64-bit) (preloaded format=pdflatex 2017.6.16)  21 AUG 2018 13:33
entering extended mode
**./HW.tex
(HW.tex
LaTeX2e <2017-04-15>
Babel <3.10> and hyphenation patterns for 75 language(s) loaded.
("C:\Users\nande\AppData\Local\Programs\MiKTeX 2.9\tex\latex\base\article.cls"
Document Class: article 2014/09/29 v1.4h Standard LaTeX document class
("C:\Users\nande\AppData\Local\Programs\MiKTeX 2.9\tex\latex\base\size12.clo"
File: size12.clo 2014/09/29 v1.4h Standard LaTeX file (size option)
)
\c@part=\count79
\c@section=\count80
\c@subsection=\count81
\c@subsubsection=\count82
\c@paragraph=\count83
\c@subparagraph=\count84
\c@figure=\count85
\c@table=\count86
\abovecaptionskip=\skip41
\belowcaptionskip=\skip42
\bibindent=\dimen102
)
("C:\Users\nande\AppData\Local\Programs\MiKTeX 2.9\tex\latex\graphics\graphicx.
sty"
Package: graphicx 2014/10/28 v1.0g Enhanced LaTeX Graphics (DPC,SPQR)

("C:\Users\nande\AppData\Local\Programs\MiKTeX 2.9\tex\latex\graphics\keyval.st
y"
Package: keyval 2014/10/28 v1.15 key=value parser (DPC)
\KV@toks@=\toks14
)
("C:\Users\nande\AppData\Local\Programs\MiKTeX 2.9\tex\latex\graphics\graphics.
sty"
Package: graphics 2017/04/14 v1.1b Standard LaTeX Graphics (DPC,SPQR)

("C:\Users\nande\AppData\Local\Programs\MiKTeX 2.9\tex\latex\graphics\trig.sty"
Package: trig 2016/01/03 v1.10 sin cos tan (DPC)
)
("C:\Users\nande\AppData\Local\Programs\MiKTeX 2.9\tex\latex\graphics-cfg\graph
ics.cfg"
File: graphics.cfg 2016/06/04 v1.11 sample graphics configuration
)
Package graphics Info: Driver file: pdftex.def on input line 99.

("C:\Users\nande\AppData\Local\Programs\MiKTeX 2.9\tex\latex\graphics-def\pdfte
x.def"
File: pdftex.def 2017/01/12 v0.06k Graphics/color for pdfTeX

("C:\Users\nande\AppData\Local\Programs\MiKTeX 2.9\tex\generic\oberdiek\infware
rr.sty"
Package: infwarerr 2016/05/16 v1.4 Providing info/warning/error messages (HO)
)
("C:\Users\nande\AppData\Local\Programs\MiKTeX 2.9\tex\generic\oberdiek\ltxcmds
.sty"
Package: ltxcmds 2016/05/16 v1.23 LaTeX kernel commands for general use (HO)
)
\Gread@gobject=\count87
))
\Gin@req@height=\dimen103
\Gin@req@width=\dimen104
)
("C:\Users\nande\AppData\Local\Programs\MiKTeX 2.9\tex\latex\graphics\color.sty
"
Package: color 2016/07/10 v1.1e Standard LaTeX Color (DPC)

("C:\Users\nande\AppData\Local\Programs\MiKTeX 2.9\tex\latex\graphics-cfg\color
.cfg"
File: color.cfg 2016/01/02 v1.6 sample color configuration
)
Package color Info: Driver file: pdftex.def on input line 147.
)
("C:\Users\nande\AppData\Local\Programs\MiKTeX 2.9\tex\latex\framed\framed.sty"
Package: framed 2011/10/22 v 0.96: framed or shaded text with page breaks
\OuterFrameSep=\skip43
\fb@frw=\dimen105
\fb@frh=\dimen106
\FrameRule=\dimen107
\FrameSep=\dimen108
) ("C:\Users\nande\AppData\Local\Programs\MiKTeX 2.9\tex\latex\base\alltt.sty"
Package: alltt 1997/06/16 v2.0g defines alltt environment
)
("C:\Users\nande\AppData\Local\Programs\MiKTeX 2.9\tex\latex\amsmath\amsmath.st
y"
Package: amsmath 2016/11/05 v2.16a AMS math features
\@mathmargin=\skip44

For additional information on amsmath, use the `?' option.

("C:\Users\nande\AppData\Local\Programs\MiKTeX 2.9\tex\latex\amsmath\amstext.st
y"
Package: amstext 2000/06/29 v2.01 AMS text

("C:\Users\nande\AppData\Local\Programs\MiKTeX 2.9\tex\latex\amsmath\amsgen.sty
"
File: amsgen.sty 1999/11/30 v2.0 generic functions
\@emptytoks=\toks15
\ex@=\dimen109
))
("C:\Users\nande\AppData\Local\Programs\MiKTeX 2.9\tex\latex\amsmath\amsbsy.sty
"
Package: amsbsy 1999/11/29 v1.2d Bold Symbols
\pmbraise@=\dimen110
)
("C:\Users\nande\AppData\Local\Programs\MiKTeX 2.9\tex\latex\amsmath\amsopn.sty
"
Package: amsopn 2016/03/08 v2.02 operator names
)
\inf@bad=\count88
LaTeX Info: Redefining \frac on input line 213.
\uproot@=\count89
\leftroot@=\count90
LaTeX Info: Redefining \overline on input line 375.
\classnum@=\count91
\DOTSCASE@=\count92
LaTeX Info: Redefining \ldots on input line 472.
LaTeX Info: Redefining \dots on input line 475.
LaTeX Info: Redefining \cdots on input line 596.
\Mathstrutbox@=\box26
\strutbox@=\box27
\big@size=\dimen111
LaTeX Font Info:    Redeclaring font encoding OML on input line 712.
LaTeX Font Info:    Redeclaring font encoding OMS on input line 713.
\macc@depth=\count93
\c@MaxMatrixCols=\count94
\dotsspace@=\muskip10
\c@parentequation=\count95
\dspbrk@lvl=\count96
\tag@help=\toks16
\row@=\count97
\column@=\count98
\maxfields@=\count99
\andhelp@=\toks17
\eqnshift@=\dimen112
\alignsep@=\dimen113
\tagshift@=\dimen114
\tagwidth@=\dimen115
\totwidth@=\dimen116
\lineht@=\dimen117
\@envbody=\toks18
\multlinegap=\skip45
\multlinetaggap=\skip46
\mathdisplay@stack=\toks19
LaTeX Info: Redefining \[ on input line 2817.
LaTeX Info: Redefining \] on input line 2818.
)
("C:\Users\nande\AppData\Local\Programs\MiKTeX 2.9\tex\latex\amsfonts\amssymb.s
ty"
Package: amssymb 2013/01/14 v3.01 AMS font symbols

("C:\Users\nande\AppData\Local\Programs\MiKTeX 2.9\tex\latex\amsfonts\amsfonts.
sty"
Package: amsfonts 2013/01/14 v3.01 Basic AMSFonts support
\symAMSa=\mathgroup4
\symAMSb=\mathgroup5
LaTeX Font Info:    Overwriting math alphabet `\mathfrak' in version `bold'
(Font)                  U/euf/m/n --> U/euf/b/n on input line 106.
))
("C:\Users\nande\AppData\Local\Programs\MiKTeX 2.9\tex\latex\tools\enumerate.st
y"
Package: enumerate 2015/07/23 v3.00 enumerate extensions (DPC)
\@enLab=\toks20
)
("C:\Users\nande\AppData\Local\Programs\MiKTeX 2.9\tex\latex\jknappen\mathrsfs.
sty"
Package: mathrsfs 1996/01/01 Math RSFS package v1.0 (jk)
\symrsfs=\mathgroup6
)
("C:\Users\nande\AppData\Local\Programs\MiKTeX 2.9\tex\latex\tools\verbatim.sty
"
Package: verbatim 2014/10/28 v1.5q LaTeX2e package for verbatim enhancements
\every@verbatim=\toks21
\verbatim@line=\toks22
\verbatim@in@stream=\read1
) ("C:\Users\nande\AppData\Local\Programs\MiKTeX 2.9\tex\latex\float\float.sty"
Package: float 2001/11/08 v1.3d Float enhancements (AL)
\c@float@type=\count100
\float@exts=\toks23
\float@box=\box28
\@float@everytoks=\toks24
\@floatcapt=\box29
)
("C:\Users\nande\AppData\Local\Programs\MiKTeX 2.9\tex\latex\turnstile\turnstil
e.sty"
Package: turnstile 2007/06/23 v1.0 turnstile file

("C:\Users\nande\AppData\Local\Programs\MiKTeX 2.9\tex\latex\base\ifthen.sty"
Package: ifthen 2014/09/29 v1.1c Standard LaTeX ifthen package (DPC)
)
\firstwidth=\skip47
\secondwidth=\skip48
\extrawidth=\skip49
\leasturnstilewidth=\skip50
\turnstilewidth=\skip51
\turnstileheight=\skip52
\dashthickness=\skip53
\ddashthickness=\skip54
\raiseup=\skip55
\raisedown=\skip56
\tinyverdistance=\skip57
\verdistance=\skip58
\lift=\skip59
\lengthvar=\skip60
\first=\box30
\second=\box31
\turnstilebox=\box32
) ("C:\Users\nande\AppData\Local\Programs\MiKTeX 2.9\tex\latex\epsf\epsf.sty"
This is `epsf.tex' v2.7.4 <14 February 2011>
\epsffilein=\read2
\epsfframemargin=\dimen118
\epsfframethickness=\dimen119
\epsfrsize=\dimen120
\epsftmp=\dimen121
\epsftsize=\dimen122
\epsfxsize=\dimen123
\epsfysize=\dimen124
\pspoints=\dimen125
) ("C:\Users\nande\AppData\Local\Programs\MiKTeX 2.9\tex\latex\psfrag\psfrag.st
y"
Package: psfrag 1998/04/11 v3.04 PSfrag (MCG)
\pfg@pcount=\count101
\pfg@scount=\count102
\pfg@temp=\write3
)
("C:\Users\nande\AppData\Local\Programs\MiKTeX 2.9\tex\latex\graphics\rotating.
sty"
Package: rotating 2016/08/11 v2.16d rotated objects in LaTeX
\c@r@tfl@t=\count103
\rotFPtop=\skip61
\rotFPbot=\skip62
\rot@float@box=\box33
\rot@mess@toks=\toks25
)
("C:\Users\nande\AppData\Local\Programs\MiKTeX 2.9\tex\latex\graphics\lscape.st
y"
Package: lscape 2000/10/22 v3.01 Landscape Pages (DPC)
)
("C:\Users\nande\AppData\Local\Programs\MiKTeX 2.9\tex\latex\base\latexsym.sty"
Package: latexsym 1998/08/17 v2.2e Standard LaTeX package (lasy symbols)
\symlasy=\mathgroup7
LaTeX Font Info:    Overwriting symbol font `lasy' in version `bold'
(Font)                  U/lasy/m/n --> U/lasy/b/n on input line 52.
)
("C:\Users\nande\AppData\Local\Programs\MiKTeX 2.9\tex\latex\oberdiek\epstopdf.
sty"
Package: epstopdf 2016/05/15 v2.6 Conversion with epstopdf on the fly (HO)

("C:\Users\nande\AppData\Local\Programs\MiKTeX 2.9\tex\latex\oberdiek\epstopdf-
base.sty"
Package: epstopdf-base 2016/05/15 v2.6 Base part for package epstopdf

("C:\Users\nande\AppData\Local\Programs\MiKTeX 2.9\tex\latex\oberdiek\grfext.st
y"
Package: grfext 2016/05/16 v1.2 Manage graphics extensions (HO)

("C:\Users\nande\AppData\Local\Programs\MiKTeX 2.9\tex\generic\oberdiek\kvdefin
ekeys.sty"
Package: kvdefinekeys 2016/05/16 v1.4 Define keys (HO)
))
("C:\Users\nande\AppData\Local\Programs\MiKTeX 2.9\tex\latex\oberdiek\kvoptions
.sty"
Package: kvoptions 2016/05/16 v3.12 Key value format for package options (HO)

("C:\Users\nande\AppData\Local\Programs\MiKTeX 2.9\tex\generic\oberdiek\kvsetke
ys.sty"
Package: kvsetkeys 2016/05/16 v1.17 Key value parser (HO)

("C:\Users\nande\AppData\Local\Programs\MiKTeX 2.9\tex\generic\oberdiek\etexcmd
s.sty"
Package: etexcmds 2016/05/16 v1.6 Avoid name clashes with e-TeX commands (HO)

("C:\Users\nande\AppData\Local\Programs\MiKTeX 2.9\tex\generic\oberdiek\ifluate
x.sty"
Package: ifluatex 2016/05/16 v1.4 Provides the ifluatex switch (HO)
Package ifluatex Info: LuaTeX not detected.
)
Package etexcmds Info: Could not find \expanded.
(etexcmds)             That can mean that you are not using pdfTeX 1.50 or
(etexcmds)             that some package has redefined \expanded.
(etexcmds)             In the latter case, load this package earlier.
)))
("C:\Users\nande\AppData\Local\Programs\MiKTeX 2.9\tex\generic\oberdiek\pdftexc
mds.sty"
Package: pdftexcmds 2017/03/19 v0.25 Utility functions of pdfTeX for LuaTeX (HO
)

("C:\Users\nande\AppData\Local\Programs\MiKTeX 2.9\tex\generic\oberdiek\ifpdf.s
ty"
Package: ifpdf 2017/03/15 v3.2 Provides the ifpdf switch
)
Package pdftexcmds Info: LuaTeX not detected.
Package pdftexcmds Info: \pdf@primitive is available.
Package pdftexcmds Info: \pdf@ifprimitive is available.
Package pdftexcmds Info: \pdfdraftmode found.
)
Package epstopdf-base Info: Redefining graphics rule for `.eps' on input line 4
38.
Package grfext Info: Graphics extension search list:
(grfext)             [.png,.pdf,.jpg,.mps,.jpeg,.jbig2,.jb2,.PNG,.PDF,.JPG,.JPE
G,.JBIG2,.JB2,.eps]
(grfext)             \AppendGraphicsExtensions on input line 456.
))
("C:\Users\nande\AppData\Local\Programs\MiKTeX 2.9\tex\latex\setspace\setspace.
sty"
Package: setspace 2011/12/19 v6.7a set line spacing
)
("C:\Users\nande\AppData\Local\Programs\MiKTeX 2.9\tex\latex\geometry\geometry.
sty"
Package: geometry 2010/09/12 v5.6 Page Geometry

("C:\Users\nande\AppData\Local\Programs\MiKTeX 2.9\tex\generic\oberdiek\ifvtex.
sty"
Package: ifvtex 2016/05/16 v1.6 Detect VTeX and its facilities (HO)
Package ifvtex Info: VTeX not detected.
)
("C:\Users\nande\AppData\Local\Programs\MiKTeX 2.9\tex\generic\ifxetex\ifxetex.
sty"
Package: ifxetex 2010/09/12 v0.6 Provides ifxetex conditional
)
\Gm@cnth=\count104
\Gm@cntv=\count105
\c@Gm@tempcnt=\count106
\Gm@bindingoffset=\dimen126
\Gm@wd@mp=\dimen127
\Gm@odd@mp=\dimen128
\Gm@even@mp=\dimen129
\Gm@layoutwidth=\dimen130
\Gm@layoutheight=\dimen131
\Gm@layouthoffset=\dimen132
\Gm@layoutvoffset=\dimen133
\Gm@dimlist=\toks26

("C:\Users\nande\AppData\Local\Programs\MiKTeX 2.9\tex\latex\geometry\geometry.
cfg"))
("C:\Users\nande\AppData\Local\Programs\MiKTeX 2.9\tex\latex\tools\dcolumn.sty"
Package: dcolumn 2014/10/28 v1.06 decimal alignment package (DPC)
("C:\Users\nande\AppData\Local\Programs\MiKTeX 2.9\tex\latex\tools\array.sty"
Package: array 2016/10/06 v2.4d Tabular extension package (FMi)
\col@sep=\dimen134
\extrarowheight=\dimen135
\NC@list=\toks27
\extratabsurround=\skip63
\backup@length=\skip64
))
("C:\Users\nande\AppData\Local\Programs\MiKTeX 2.9\tex\latex\booktabs\booktabs.
sty"
Package: booktabs 2005/04/14 v1.61803 publication quality tables
\heavyrulewidth=\dimen136
\lightrulewidth=\dimen137
\cmidrulewidth=\dimen138
\belowrulesep=\dimen139
\belowbottomsep=\dimen140
\aboverulesep=\dimen141
\abovetopsep=\dimen142
\cmidrulesep=\dimen143
\cmidrulekern=\dimen144
\defaultaddspace=\dimen145
\@cmidla=\count107
\@cmidlb=\count108
\@aboverulesep=\dimen146
\@belowrulesep=\dimen147
\@thisruleclass=\count109
\@lastruleclass=\count110
\@thisrulewidth=\dimen148
)
("C:\Users\nande\AppData\Local\Programs\MiKTeX 2.9\tex\latex\mathtools\mathtool
s.sty"
Package: mathtools 2017/05/24 v1.19 mathematical typesetting tools

("C:\Users\nande\AppData\Local\Programs\MiKTeX 2.9\tex\latex\tools\calc.sty"
Package: calc 2014/10/28 v4.3 Infix arithmetic (KKT,FJ)
\calc@Acount=\count111
\calc@Bcount=\count112
\calc@Adimen=\dimen149
\calc@Bdimen=\dimen150
\calc@Askip=\skip65
\calc@Bskip=\skip66
LaTeX Info: Redefining \setlength on input line 80.
LaTeX Info: Redefining \addtolength on input line 81.
\calc@Ccount=\count113
\calc@Cskip=\skip67
)
("C:\Users\nande\AppData\Local\Programs\MiKTeX 2.9\tex\latex\mathtools\mhsetup.
sty"
Package: mhsetup 2017/03/31 v1.3 programming setup (MH)
)
LaTeX Info: Thecontrolsequence`\('isalreadyrobust on input line 129.
LaTeX Info: Thecontrolsequence`\)'isalreadyrobust on input line 129.
LaTeX Info: Thecontrolsequence`\['isalreadyrobust on input line 129.
LaTeX Info: Thecontrolsequence`\]'isalreadyrobust on input line 129.
\g_MT_multlinerow_int=\count114
\l_MT_multwidth_dim=\dimen151
\origjot=\skip68
\l_MT_shortvdotswithinadjustabove_dim=\dimen152
\l_MT_shortvdotswithinadjustbelow_dim=\dimen153
\l_MT_above_intertext_sep=\dimen154
\l_MT_below_intertext_sep=\dimen155
\l_MT_above_shortintertext_sep=\dimen156
\l_MT_below_shortintertext_sep=\dimen157
)
("C:\Users\nande\AppData\Local\Programs\MiKTeX 2.9\tex\latex\threeparttable\thr
eeparttable.sty"
Package: threeparttable 2003/06/13  v 3.0
\@tempboxb=\box34
)
("C:\Users\nande\AppData\Local\Programs\MiKTeX 2.9\tex\latex\caption\caption.st
y"
Package: caption 2016/02/21 v3.3-144 Customizing captions (AR)

("C:\Users\nande\AppData\Local\Programs\MiKTeX 2.9\tex\latex\caption\caption3.s
ty"
Package: caption3 2016/05/22 v1.7-166 caption3 kernel (AR)
Package caption3 Info: TeX engine: e-TeX on input line 67.
\captionmargin=\dimen158
\captionmargin@=\dimen159
\captionwidth=\dimen160
\caption@tempdima=\dimen161
\caption@indent=\dimen162
\caption@parindent=\dimen163
\caption@hangindent=\dimen164
)
\c@ContinuedFloat=\count115
Package caption Info: float package is loaded.
Package caption Info: rotating package is loaded.
Package caption Info: threeparttable package is loaded.
)
("C:\Users\nande\AppData\Local\Programs\MiKTeX 2.9\tex\latex\natbib\natbib.sty"
Package: natbib 2010/09/13 8.31b (PWD, AO)
\bibhang=\skip69
\bibsep=\skip70
LaTeX Info: Redefining \cite on input line 694.
\c@NAT@ctr=\count116
)
("C:\Users\nande\AppData\Local\Programs\MiKTeX 2.9\tex\latex\hyperref\hyperref.
sty"
Package: hyperref 2017/03/14 v6.85a Hypertext links for LaTeX

("C:\Users\nande\AppData\Local\Programs\MiKTeX 2.9\tex\generic\oberdiek\hobsub-
hyperref.sty"
Package: hobsub-hyperref 2016/05/16 v1.14 Bundle oberdiek, subset hyperref (HO)


("C:\Users\nande\AppData\Local\Programs\MiKTeX 2.9\tex\generic\oberdiek\hobsub-
generic.sty"
Package: hobsub-generic 2016/05/16 v1.14 Bundle oberdiek, subset generic (HO)
Package: hobsub 2016/05/16 v1.14 Construct package bundles (HO)
Package hobsub Info: Skipping package `infwarerr' (already loaded).
Package hobsub Info: Skipping package `ltxcmds' (already loaded).
Package hobsub Info: Skipping package `ifluatex' (already loaded).
Package hobsub Info: Skipping package `ifvtex' (already loaded).
Package: intcalc 2016/05/16 v1.2 Expandable calculations with integers (HO)
Package hobsub Info: Skipping package `ifpdf' (already loaded).
Package hobsub Info: Skipping package `etexcmds' (already loaded).
Package hobsub Info: Skipping package `kvsetkeys' (already loaded).
Package hobsub Info: Skipping package `kvdefinekeys' (already loaded).
Package hobsub Info: Skipping package `pdftexcmds' (already loaded).
Package: pdfescape 2016/05/16 v1.14 Implements pdfTeX's escape features (HO)
Package: bigintcalc 2016/05/16 v1.4 Expandable calculations on big integers (HO
)
Package: bitset 2016/05/16 v1.2 Handle bit-vector datatype (HO)
Package: uniquecounter 2016/05/16 v1.3 Provide unlimited unique counter (HO)
)
Package hobsub Info: Skipping package `hobsub' (already loaded).
Package: letltxmacro 2016/05/16 v1.5 Let assignment for LaTeX macros (HO)
Package: hopatch 2016/05/16 v1.3 Wrapper for package hooks (HO)
Package: xcolor-patch 2016/05/16 xcolor patch
Package: atveryend 2016/05/16 v1.9 Hooks at the very end of document (HO)
Package atveryend Info: \enddocument detected (standard20110627).
Package: atbegshi 2016/06/09 v1.18 At begin shipout hook (HO)
Package: refcount 2016/05/16 v3.5 Data extraction from label references (HO)
Package: hycolor 2016/05/16 v1.8 Color options for hyperref/bookmark (HO)
)
("C:\Users\nande\AppData\Local\Programs\MiKTeX 2.9\tex\latex\oberdiek\auxhook.s
ty"
Package: auxhook 2016/05/16 v1.4 Hooks for auxiliary files (HO)
)
\@linkdim=\dimen165
\Hy@linkcounter=\count117
\Hy@pagecounter=\count118

("C:\Users\nande\AppData\Local\Programs\MiKTeX 2.9\tex\latex\hyperref\pd1enc.de
f"
File: pd1enc.def 2017/03/14 v6.85a Hyperref: PDFDocEncoding definition (HO)
)
\Hy@SavedSpaceFactor=\count119

("C:\Users\nande\AppData\Local\Programs\MiKTeX 2.9\tex\latex\00miktex\hyperref.
cfg"
File: hyperref.cfg 2002/06/06 v1.2 hyperref configuration of TeXLive
)
Package hyperref Info: Hyper figures OFF on input line 4498.
Package hyperref Info: Link nesting OFF on input line 4503.
Package hyperref Info: Hyper index ON on input line 4506.
Package hyperref Info: Plain pages OFF on input line 4513.
Package hyperref Info: Backreferencing OFF on input line 4518.
Package hyperref Info: Implicit mode ON; LaTeX internals redefined.
Package hyperref Info: Bookmarks ON on input line 4751.
\c@Hy@tempcnt=\count120
 ("C:\Users\nande\AppData\Local\Programs\MiKTeX 2.9\tex\latex\url\url.sty"
\Urlmuskip=\muskip11
Package: url 2013/09/16  ver 3.4  Verb mode for urls, etc.
)
LaTeX Info: Redefining \url on input line 5104.
\XeTeXLinkMargin=\dimen166
\Fld@menulength=\count121
\Field@Width=\dimen167
\Fld@charsize=\dimen168
Package hyperref Info: Hyper figures OFF on input line 6358.
Package hyperref Info: Link nesting OFF on input line 6363.
Package hyperref Info: Hyper index ON on input line 6366.
Package hyperref Info: backreferencing OFF on input line 6373.
Package hyperref Info: Link coloring OFF on input line 6378.
Package hyperref Info: Link coloring with OCG OFF on input line 6383.
Package hyperref Info: PDF/A mode OFF on input line 6388.
LaTeX Info: Redefining \ref on input line 6428.
LaTeX Info: Redefining \pageref on input line 6432.
\Hy@abspage=\count122
\c@Item=\count123
\c@Hfootnote=\count124
)

Package hyperref Message: Driver (autodetected): hpdftex.


("C:\Users\nande\AppData\Local\Programs\MiKTeX 2.9\tex\latex\hyperref\hpdftex.d
ef"
File: hpdftex.def 2017/03/14 v6.85a Hyperref driver for pdfTeX
\Fld@listcount=\count125
\c@bookmark@seq@number=\count126

("C:\Users\nande\AppData\Local\Programs\MiKTeX 2.9\tex\latex\oberdiek\rerunfile
check.sty"
Package: rerunfilecheck 2016/05/16 v1.8 Rerun checks for auxiliary files (HO)
Package uniquecounter Info: New unique counter `rerunfilecheck' on input line 2
82.
)
\Hy@SectionHShift=\skip71
)
("C:\Users\nande\AppData\Local\Programs\MiKTeX 2.9\tex\generic\bibtex\apalike.s
ty")
("C:\Users\nande\AppData\Local\Programs\MiKTeX 2.9\tex\latex\fancyhdr\fancyhdr.
sty"
Package: fancyhdr 2016/10/11 v3.9 Extensive control of page headers and footers

\f@nch@headwidth=\skip72
\f@nch@O@elh=\skip73
\f@nch@O@erh=\skip74
\f@nch@O@olh=\skip75
\f@nch@O@orh=\skip76
\f@nch@O@elf=\skip77
\f@nch@O@erf=\skip78
\f@nch@O@olf=\skip79
\f@nch@O@orf=\skip80
)
("C:\Users\nande\AppData\Local\Programs\MiKTeX 2.9\tex\latex\upquote\upquote.st
y"
Package: upquote 2012/04/19 v1.3 upright-quote and grave-accent glyphs in verba
tim
) (HW.aux)
\openout1 = `HW.aux'.

LaTeX Font Info:    Checking defaults for OML/cmm/m/it on input line 98.
LaTeX Font Info:    ... okay on input line 98.
LaTeX Font Info:    Checking defaults for T1/cmr/m/n on input line 98.
LaTeX Font Info:    ... okay on input line 98.
LaTeX Font Info:    Checking defaults for OT1/cmr/m/n on input line 98.
LaTeX Font Info:    ... okay on input line 98.
LaTeX Font Info:    Checking defaults for OMS/cmsy/m/n on input line 98.
LaTeX Font Info:    ... okay on input line 98.
LaTeX Font Info:    Checking defaults for OMX/cmex/m/n on input line 98.
LaTeX Font Info:    ... okay on input line 98.
LaTeX Font Info:    Checking defaults for U/cmr/m/n on input line 98.
LaTeX Font Info:    ... okay on input line 98.
LaTeX Font Info:    Checking defaults for PD1/pdf/m/n on input line 98.
LaTeX Font Info:    ... okay on input line 98.

("C:\Users\nande\AppData\Local\Programs\MiKTeX 2.9\tex\context\base\supp-pdf.mk
ii"
[Loading MPS to PDF converter (version 2006.09.02).]
\scratchcounter=\count127
\scratchdimen=\dimen169
\scratchbox=\box35
\nofMPsegments=\count128
\nofMParguments=\count129
\everyMPshowfont=\toks28
\MPscratchCnt=\count130
\MPscratchDim=\dimen170
\MPnumerator=\count131
\makeMPintoPDFobject=\count132
\everyMPtoPDFconversion=\toks29
)
*geometry* driver: auto-detecting
*geometry* detected driver: pdftex
*geometry* verbose mode - [ preamble ] result:
* driver: pdftex
* paper: letterpaper
* layout: <same size as paper>
* layoutoffset:(h,v)=(0.0pt,0.0pt)
* modes: twoside 
* h-part:(L,W,R)=(72.26999pt, 469.75502pt, 72.26999pt)
* v-part:(T,H,B)=(72.26999pt, 650.43001pt, 72.26999pt)
* \paperwidth=614.295pt
* \paperheight=794.96999pt
* \textwidth=469.75502pt
* \textheight=650.43001pt
* \oddsidemargin=0.0pt
* \evensidemargin=0.0pt
* \topmargin=-37.0pt
* \headheight=12.0pt
* \headsep=25.0pt
* \topskip=12.0pt
* \footskip=30.0pt
* \marginparwidth=95.0pt
* \marginparsep=10.0pt
* \columnsep=10.0pt
* \skip\footins=10.8pt plus 4.0pt minus 2.0pt
* \hoffset=0.0pt
* \voffset=0.0pt
* \mag=1000
* \@twocolumnfalse
* \@twosidetrue
* \@mparswitchtrue
* \@reversemarginfalse
* (1in=72.27pt=25.4mm, 1cm=28.453pt)

Package caption Info: Begin \AtBeginDocument code.
Package caption Info: hyperref package is loaded.
Package caption Info: End \AtBeginDocument code.
\AtBeginShipoutBox=\box36
Package hyperref Info: Link coloring OFF on input line 98.

("C:\Users\nande\AppData\Local\Programs\MiKTeX 2.9\tex\latex\hyperref\nameref.s
ty"
Package: nameref 2016/05/21 v2.44 Cross-referencing by name of section

("C:\Users\nande\AppData\Local\Programs\MiKTeX 2.9\tex\generic\oberdiek\gettitl
estring.sty"
Package: gettitlestring 2016/05/16 v1.5 Cleanup title references (HO)
)
\c@section@level=\count133
)
LaTeX Info: Redefining \ref on input line 98.
LaTeX Info: Redefining \pageref on input line 98.
LaTeX Info: Redefining \nameref on input line 98.
 (HW.out) (HW.out)
\@outlinefile=\write4
\openout4 = `HW.out'.

LaTeX Font Info:    Try loading font information for U+msa on input line 106.

("C:\Users\nande\AppData\Local\Programs\MiKTeX 2.9\tex\latex\amsfonts\umsa.fd"
File: umsa.fd 2013/01/14 v3.01 AMS symbols A
)
LaTeX Font Info:    Try loading font information for U+msb on input line 106.
("C:\Users\nande\AppData\Local\Programs\MiKTeX 2.9\tex\latex\amsfonts\umsb.fd"
File: umsb.fd 2013/01/14 v3.01 AMS symbols B
)
LaTeX Font Info:    Try loading font information for U+rsfs on input line 106.
("C:\Users\nande\AppData\Local\Programs\MiKTeX 2.9\tex\latex\jknappen\ursfs.fd"
File: ursfs.fd 1998/03/24 rsfs font definition file (jk)
)
LaTeX Font Info:    Try loading font information for U+lasy on input line 106.
 ("C:\Users\nande\AppData\Local\Programs\MiKTeX 2.9\tex\latex\base\ulasy.fd"
File: ulasy.fd 1998/08/17 v2.2e LaTeX symbol font definitions
)

LaTeX Warning: No \author given.

Package color Info: Redefining color shadecolor on input line 109.
LaTeX Font Info:    Font shape `OT1/cmtt/bx/n' in size <12> not available
(Font)              Font shape `OT1/cmtt/m/n' tried instead on input line 111.
LaTeX Font Info:    Try loading font information for OMS+cmtt on input line 118
.
(C:/PROGRA~1/R/R-34~1.4/share/texmf/tex/latex\omscmtt.fd
File: omscmtt.fd 
)
LaTeX Font Info:    Font shape `OMS/cmtt/m/n' in size <12> not available
(Font)              Font shape `OMS/cmsy/m/n' tried instead on input line 118.
Package color Info: Redefining color shadecolor on input line 136.
 [1
Non-PDF special ignored!

{C:/Users/nande/AppData/Local/MiKTeX/2.9/pdftex/config/pdftex.map}]
Overfull \hbox (55.12024pt too wide) in paragraph at lines 144--144
[]  []\OT1/cmtt/m/n/12 dist[] []<-[] [](([][]-[][]1.4[][])[][]*[][]([][]V[][](g
1)[][]$[][]size[][]-[][]min[][]([][]V[][](g1)[][]$[][]size)))[][]/[][]([][]max[
][]([][]V[][](g1)[][]$[][]size)[][]-[][]min[][]([][]V[][](g1)[][]$[][]size))[][
]+[][]1.4[][] 
 []


Overfull \hbox (85.99525pt too wide) in paragraph at lines 145--145
[]  []\OT1/cmtt/m/n/12 plot[][](g1,[] []edge.arrow.size[][]=[][].08[][],[] []ed
ge.arrow.width[][]=[][]0.8[][],[] []edge.curved[][]=[][].05[][],[] []edge.color
[][]=[][]"black"[][],[][] 
 []


Overfull \hbox (36.59523pt too wide) in paragraph at lines 157--157
[]  []\OT1/cmtt/m/n/12 deg_in_total[i][] []<-[] []paste[][](groups[[][]which[][
]( deg_in[] []==[] []max[][](deg_in) )],[] []collapse[] []=[] [] [][])[][] 
 []


Overfull \hbox (55.12024pt too wide) in paragraph at lines 162--162
[]  []\OT1/cmtt/m/n/12 deg_out_total[i][] []<-[] []paste[][](groups[[][]which[]
[]( deg_out[] []==[] []max[][](deg_out) )],[] []collapse[] []=[] [] [][])[][]
 
 []


Underfull \vbox (badness 10000) detected at line 167
 []


Underfull \vbox (badness 10000) detected at line 167
 []


Package Fancyhdr Warning: \headheight is too small (12.0pt): 
 Make it at least 14.49998pt.
 We now make it that large for the rest of the document.
 This may cause the page layout to be inconsistent, however.

[2] <figure/unnamed-chunk-4-1.pdf, id=17, 505.89pt x 289.08pt>
File: figure/unnamed-chunk-4-1.pdf Graphic file (type pdf)

<use figure/unnamed-chunk-4-1.pdf>
Package pdftex.def Info: figure/unnamed-chunk-4-1.pdf used on input line 168.
(pdftex.def)             Requested size: 516.73338pt x 295.28114pt.

Overfull \hbox (64.60318pt too wide) in paragraph at lines 168--169
[][] 
 []

<figure/unnamed-chunk-4-2.pdf, id=18, 505.89pt x 289.08pt>
File: figure/unnamed-chunk-4-2.pdf Graphic file (type pdf)

<use figure/unnamed-chunk-4-2.pdf>
Package pdftex.def Info: figure/unnamed-chunk-4-2.pdf used on input line 170.
(pdftex.def)             Requested size: 516.73338pt x 295.28114pt.

Overfull \hbox (64.60318pt too wide) in paragraph at lines 170--171
[][] 
 []

<figure/unnamed-chunk-4-3.pdf, id=19, 505.89pt x 289.08pt>
File: figure/unnamed-chunk-4-3.pdf Graphic file (type pdf)

<use figure/unnamed-chunk-4-3.pdf>
Package pdftex.def Info: figure/unnamed-chunk-4-3.pdf used on input line 172.
(pdftex.def)             Requested size: 516.73338pt x 295.28114pt.

Overfull \hbox (64.60318pt too wide) in paragraph at lines 172--173
[][] 
 []


Underfull \vbox (badness 6284) has occurred while \output is active []

 [3 <./figure/unnamed-chunk-4-1.pdf> <./figure/unnamed-chunk-4-2.pdf>]
<figure/unnamed-chunk-4-4.pdf, id=36, 505.89pt x 289.08pt>
File: figure/unnamed-chunk-4-4.pdf Graphic file (type pdf)

<use figure/unnamed-chunk-4-4.pdf>
Package pdftex.def Info: figure/unnamed-chunk-4-4.pdf used on input line 174.
(pdftex.def)             Requested size: 516.73338pt x 295.28114pt.

Overfull \hbox (64.60318pt too wide) in paragraph at lines 174--175
[][] 
 []

<figure/unnamed-chunk-4-5.pdf, id=37, 505.89pt x 289.08pt>
File: figure/unnamed-chunk-4-5.pdf Graphic file (type pdf)

<use figure/unnamed-chunk-4-5.pdf>
Package pdftex.def Info: figure/unnamed-chunk-4-5.pdf used on input line 176.
(pdftex.def)             Requested size: 516.73338pt x 295.28114pt.

Overfull \hbox (64.60318pt too wide) in paragraph at lines 176--177
[][] 
 []


Underfull \vbox (badness 10000) has occurred while \output is active []



Package Fancyhdr Warning: \headheight is too small (12.0pt): 
 Make it at least 14.49998pt.
 We now make it that large for the rest of the document.
 This may cause the page layout to be inconsistent, however.

[4 <./figure/unnamed-chunk-4-3.pdf> <./figure/unnamed-chunk-4-4.pdf>]
<figure/unnamed-chunk-4-6.pdf, id=54, 505.89pt x 289.08pt>
File: figure/unnamed-chunk-4-6.pdf Graphic file (type pdf)

<use figure/unnamed-chunk-4-6.pdf>
Package pdftex.def Info: figure/unnamed-chunk-4-6.pdf used on input line 178.
(pdftex.def)             Requested size: 516.73338pt x 295.28114pt.

Overfull \hbox (64.60318pt too wide) in paragraph at lines 178--179
[][] 
 []

<figure/unnamed-chunk-4-7.pdf, id=55, 505.89pt x 289.08pt>
File: figure/unnamed-chunk-4-7.pdf Graphic file (type pdf)

<use figure/unnamed-chunk-4-7.pdf>
Package pdftex.def Info: figure/unnamed-chunk-4-7.pdf used on input line 180.
(pdftex.def)             Requested size: 516.73338pt x 295.28114pt.

Overfull \hbox (64.60318pt too wide) in paragraph at lines 180--181
[][] 
 []


Underfull \vbox (badness 10000) has occurred while \output is active []

 [5 <./figure/unnamed-chunk-4-5.pdf> <./figure/unnamed-chunk-4-6.pdf>]
<figure/unnamed-chunk-4-8.pdf, id=72, 505.89pt x 289.08pt>
File: figure/unnamed-chunk-4-8.pdf Graphic file (type pdf)

<use figure/unnamed-chunk-4-8.pdf>
Package pdftex.def Info: figure/unnamed-chunk-4-8.pdf used on input line 182.
(pdftex.def)             Requested size: 516.73338pt x 295.28114pt.

Overfull \hbox (64.60318pt too wide) in paragraph at lines 182--183
[][] 
 []


Overfull \hbox (153.92029pt too wide) in paragraph at lines 184--184
[][]\OT1/cmtt/m/n/12 plot[][](nigeriaDyn,[] []label[] []= labels,[] []main[][]=
[][]"All"[][],[] []label.cex[][]=[][]0.5[][],[] []mode[][]=[][]"circle"[][],[] 
[]vertex.cex[][]=[][]log[][](deg_all)[][]+[][]1[][],[][] 
 []


Underfull \vbox (badness 10000) has occurred while \output is active []



Package Fancyhdr Warning: \headheight is too small (12.0pt): 
 Make it at least 14.49998pt.
 We now make it that large for the rest of the document.
 This may cause the page layout to be inconsistent, however.

[6 <./figure/unnamed-chunk-4-7.pdf> <./figure/unnamed-chunk-4-8.pdf>]
<figure/unnamed-chunk-4-9.pdf, id=89, 505.89pt x 289.08pt>
File: figure/unnamed-chunk-4-9.pdf Graphic file (type pdf)

<use figure/unnamed-chunk-4-9.pdf>
Package pdftex.def Info: figure/unnamed-chunk-4-9.pdf used on input line 188.
(pdftex.def)             Requested size: 516.73338pt x 295.28114pt.

Overfull \hbox (64.60318pt too wide) in paragraph at lines 188--189
[][] 
 []

Package color Info: Redefining color shadecolor on input line 198.
[7 <./figure/unnamed-chunk-4-9.pdf>]

Package Fancyhdr Warning: \headheight is too small (12.0pt): 
 Make it at least 14.49998pt.
 We now make it that large for the rest of the document.
 This may cause the page layout to be inconsistent, however.

[8] [9]
Package color Info: Redefining color shadecolor on input line 306.


Package Fancyhdr Warning: \headheight is too small (12.0pt): 
 Make it at least 14.49998pt.
 We now make it that large for the rest of the document.
 This may cause the page layout to be inconsistent, however.

[10]
Overfull \hbox (36.59523pt too wide) in paragraph at lines 325--325
[]        []\OT1/cmtt/m/n/12 tot_pr[] []<-[] []c[][](tot_pr,[] []pr.curve[][]( 
member_or[folds[[i]]], member)[][]$[][]auc.integral)[][] 
 []


Overfull \hbox (48.94524pt too wide) in paragraph at lines 326--326
[]        []\OT1/cmtt/m/n/12 tot_roc[] []<-[] []c[][](tot_pr,[] []roc.curve[][]
( member_or[folds[[i]]], member)[][]$[][]auc.integral)[][] 
 []


Underfull \vbox (badness 10000) detected at line 355
 []


Underfull \vbox (badness 10000) detected at line 355
 []

[11]
Package color Info: Redefining color shadecolor on input line 359.

Overfull \hbox (11.89522pt too wide) in paragraph at lines 367--367
[][]\OT1/cmtt/m/n/12 nigeriaDyn[] []%v%[] []"col"[] []<-[] []c[][]([][]"gray70"
[][],[] []"tomato"[][],[] []"gold"[][])[nigeriaDyn[] []%v%[] []"member"[][]][][
] 
 []


Overfull \hbox (79.82025pt too wide) in paragraph at lines 369--369
[][]\OT1/cmtt/m/n/12 plot[][](nigeriaDyn,[] []label[] []= labels,[] []label.cex
[][]=[][]0.5[][],[] []mode[][]=[][]"circle"[][],[] []vertex.cex[][]=[][]log[][]
(deg_all)[][]+[][]1[][],[][] 
 []


Overfull \hbox (24.24522pt too wide) in paragraph at lines 370--370
[]     []\OT1/cmtt/m/n/12 label.col[][]=[][]"black"[][],[] []vertex.col[][]=[][
]"col"[][],[] []vertex.border[][]=[][]"col"[][],[] []edge.col[][]=[][]"black"[]
[])[][] 
 []


Package Fancyhdr Warning: \headheight is too small (12.0pt): 
 Make it at least 14.49998pt.
 We now make it that large for the rest of the document.
 This may cause the page layout to be inconsistent, however.

[12] <figure/unnamed-chunk-7-1.pdf, id=122, 505.89pt x 361.35pt>
File: figure/unnamed-chunk-7-1.pdf Graphic file (type pdf)

<use figure/unnamed-chunk-7-1.pdf>
Package pdftex.def Info: figure/unnamed-chunk-7-1.pdf used on input line 373.
(pdftex.def)             Requested size: 516.73338pt x 369.10144pt.

Overfull \hbox (64.60318pt too wide) in paragraph at lines 373--374
[][] 
 []

[13 <./figure/unnamed-chunk-7-1.pdf>]
Package color Info: Redefining color shadecolor on input line 383.

Overfull \hbox (85.64528pt too wide) in paragraph at lines 386--386
[][]\OT1/cmtt/m/n/12 nigeria1[][]%v%[][]"gov"[] []<-[] []ifelse[][](groups[][]=
=[][]"Police\OMS/cmsy/m/n/12 n\OT1/cmtt/m/n/12 n(Nigeria)"[][]|[] []groups[][]=
=[][]"Military\OMS/cmsy/m/n/12 n\OT1/cmtt/m/n/12 n(Nigeria)"[][],[][]1[][],[][]
0[][])[][] 
 []


Overfull \hbox (215.67032pt too wide) in paragraph at lines 387--387
[][]\OT1/cmtt/m/n/12 m[] []=[] []ergm[][](nigeria1[] []~[] []edges[] []+[] []mu
tual[][]+[] []nodematch[][]([][]"gov"[][])[] []+[] []istar[][]([][]2[][])[][]+[
] []triangle[][]+[][]gwidegree[][]([][]decay[] []=[] []0.5[][],[] []fixed[] []=
[] []TRUE[][]))[][] 
 []


Overfull \hbox (36.59523pt too wide) in paragraph at lines 396--396
[]\OT1/cmtt/m/n/12 ## Formula:   nigeria1 ~ edges + mutual + nodematch("gov") +
 istar(2) + triangle +[] 
 []


Package Fancyhdr Warning: \headheight is too small (12.0pt): 
 Make it at least 14.49998pt.
 We now make it that large for the rest of the document.
 This may cause the page layout to be inconsistent, however.

[14]
Package color Info: Redefining color shadecolor on input line 426.

Overfull \hbox (5.72021pt too wide) in paragraph at lines 465--465
[]\OT1/cmtt/m/n/12 ##                edges       mutual nodematch.gov        is
tar2    gwidegree[] 
 []


Overfull \hbox (5.72021pt too wide) in paragraph at lines 466--466
[]\OT1/cmtt/m/n/12 ## Lag 0     1.00000000  1.000000000    1.00000000  1.000000
e+00  1.000000000[] 
 []


Overfull \hbox (5.72021pt too wide) in paragraph at lines 467--467
[]\OT1/cmtt/m/n/12 ## Lag 1024  0.07206654  0.126972968    0.02687274  8.049122
e-02  0.046796963[] 
 []


Overfull \hbox (5.72021pt too wide) in paragraph at lines 468--468
[]\OT1/cmtt/m/n/12 ## Lag 2048  0.01631024  0.033883995    0.02285306 -2.683274
e-05  0.016064825[] 
 []


Overfull \hbox (5.72021pt too wide) in paragraph at lines 469--469
[]\OT1/cmtt/m/n/12 ## Lag 3072 -0.01388164 -0.002715401   -0.01066121 -2.788065
e-02 -0.004236398[] 
 []


Overfull \hbox (5.72021pt too wide) in paragraph at lines 470--470
[]\OT1/cmtt/m/n/12 ## Lag 4096 -0.02763104 -0.030105981   -0.02546932 -3.530011
e-02 -0.014735790[] 
 []


Overfull \hbox (5.72021pt too wide) in paragraph at lines 471--471
[]\OT1/cmtt/m/n/12 ## Lag 5120 -0.01684109 -0.028573946   -0.01513682 -1.656373
e-02 -0.013808677[] 
 []

[15]
Underfull \vbox (badness 10000) detected at line 487
 []


Underfull \vbox (badness 10000) detected at line 487
 []


Package Fancyhdr Warning: \headheight is too small (12.0pt): 
 Make it at least 14.49998pt.
 We now make it that large for the rest of the document.
 This may cause the page layout to be inconsistent, however.

[16] <figure/unnamed-chunk-9-1.pdf, id=145, 505.89pt x 505.89pt>
File: figure/unnamed-chunk-9-1.pdf Graphic file (type pdf)

<use figure/unnamed-chunk-9-1.pdf>
Package pdftex.def Info: figure/unnamed-chunk-9-1.pdf used on input line 488.
(pdftex.def)             Requested size: 469.75502pt x 469.76265pt.

Overfull \hbox (17.62482pt too wide) in paragraph at lines 488--489
[][] 
 []


Underfull \vbox (badness 10000) has occurred while \output is active []

 [17]
<figure/unnamed-chunk-9-2.pdf, id=150, 505.89pt x 505.89pt>
File: figure/unnamed-chunk-9-2.pdf Graphic file (type pdf)

<use figure/unnamed-chunk-9-2.pdf>
Package pdftex.def Info: figure/unnamed-chunk-9-2.pdf used on input line 490.
(pdftex.def)             Requested size: 469.75502pt x 469.76265pt.

Overfull \hbox (17.62482pt too wide) in paragraph at lines 490--491
[][] 
 []


Underfull \vbox (badness 10000) has occurred while \output is active []



Package Fancyhdr Warning: \headheight is too small (12.0pt): 
 Make it at least 14.49998pt.
 We now make it that large for the rest of the document.
 This may cause the page layout to be inconsistent, however.

[18 <./figure/unnamed-chunk-9-1.pdf>]
Overfull \hbox (1957.02118pt too wide) in paragraph at lines 493--493
[]\OT1/cmtt/m/n/12 ## MCMC diagnostics shown here are from the last round of si
mulation, prior to computation of final parameter estimates. Because the final 
estimates are refinements of those used for this simulation run, these diagnost
ics may understate model performance. To directly assess the performance of the
 final model on in-model statistics, please use the GOF command: gof(ergmFitObj
ect, GOF=~model).[] 
 []

Package atveryend Info: Empty hook `BeforeClearDocument' on input line 501.
[19 <./figure/unnamed-chunk-9-2.pdf>]
Package atveryend Info: Empty hook `AfterLastShipout' on input line 501.
 (HW.aux)
Package atveryend Info: Executing hook `AtVeryEndDocument' on input line 501.
Package atveryend Info: Executing hook `AtEndAfterFileList' on input line 501.
Package rerunfilecheck Info: File `HW.out' has not changed.
(rerunfilecheck)             Checksum: D41D8CD98F00B204E9800998ECF8427E;0.
Package atveryend Info: Empty hook `AtVeryVeryEnd' on input line 501.
 ) 
Here is how much of TeX's memory you used:
 9407 strings out of 493323
 144777 string characters out of 3130015
 257588 words of memory out of 3000000
 12730 multiletter control sequences out of 15000+200000
 8244 words of font info for 36 fonts, out of 3000000 for 9000
 1141 hyphenation exceptions out of 8191
 42i,12n,43p,859b,378s stack positions out of 5000i,500n,10000p,200000b,50000s
<C:/Users/nande/AppData/Local/Programs/MiKTeX 2.9/fonts/type1/public/amsfonts
/cm/cmitt10.pfb><C:/Users/nande/AppData/Local/Programs/MiKTeX 2.9/fonts/type1/p
ublic/amsfonts/cm/cmr12.pfb><C:/Users/nande/AppData/Local/Programs/MiKTeX 2.9/f
onts/type1/public/amsfonts/cm/cmr17.pfb><C:/Users/nande/AppData/Local/Programs/
MiKTeX 2.9/fonts/type1/public/amsfonts/cm/cmsy10.pfb><C:/Users/nande/AppData/Lo
cal/Programs/MiKTeX 2.9/fonts/type1/public/amsfonts/cm/cmtt12.pfb>
Output written on HW.pdf (19 pages, 361275 bytes).
PDF statistics:
 195 PDF objects out of 1000 (max. 8388607)
 20 named destinations out of 1000 (max. 500000)
 61 words of extra memory for PDF output out of 10000 (max. 10000000)

